<?xml version="1.0" encoding="UTF-8"?>
<!-- Generated by org.testng.reporters.JUnitReportReporter -->
<testsuite skipped="0" hostname="DESKTOP-6JS32GC" name="com.Guru99.Ecommorce.Pay_Billing_Page" tests="1" failures="0" timestamp="05 Nov 2021 10:21:38 GMT" time="23.517" errors="0">
  <testcase name="check_invalid_billing_id" time="23.517" classname="com.Guru99.Ecommorce.Pay_Billing_Page"/>
</testsuite> <!-- com.Guru99.Ecommorce.Pay_Billing_Page -->
