<?xml version="1.0" encoding="UTF-8"?>
<!-- Generated by org.testng.reporters.JUnitReportReporter -->
<testsuite skipped="1" hostname="DESKTOP-6JS32GC" name="com.Guru99.Ecommorce.HomePage" tests="6" failures="0" timestamp="01 Nov 2021 05:33:28 GMT" time="194.507" errors="0">
  <testcase name="verify_Invalid_email" time="47.756" classname="com.Guru99.Ecommorce.HomePage">
    <skipped/>
  </testcase> <!-- verify_Invalid_email -->
  <testcase name="Missing_info_alert" time="27.556" classname="com.Guru99.Ecommorce.HomePage"/>
  <testcase name="verify_Invalid_email" time="22.669" classname="com.Guru99.Ecommorce.HomePage"/>
  <testcase name="dashboard_Check" time="57.230" classname="com.Guru99.Ecommorce.HomePage"/>
  <testcase name="add_user_test" time="23.816" classname="com.Guru99.Ecommorce.HomePage"/>
  <testcase name="missing_info_adduser" time="15.480" classname="com.Guru99.Ecommorce.HomePage"/>
</testsuite> <!-- com.Guru99.Ecommorce.HomePage -->
