<?xml version="1.0" encoding="UTF-8"?>
<!-- Generated by org.testng.reporters.JUnitReportReporter -->
<testsuite skipped="0" hostname="DESKTOP-6JS32GC" name="com.Guru99.Pages.BaseClass3" tests="1" failures="0" timestamp="02 Nov 2021 03:56:06 GMT" time="28.780" errors="0">
  <testcase name="add_tariff_Plan" time="28.780" classname="com.Guru99.Pages.BaseClass3"/>
</testsuite> <!-- com.Guru99.Pages.BaseClass3 -->
